<?xml version="1.0" encoding="UTF-8"?>
<coverage generated="1749159836400" clover="3.2.0">
  <project timestamp="1749159836400" name="All files">
    <metrics statements="240" coveredstatements="202" conditionals="104" coveredconditionals="72" methods="22" coveredmethods="22" elements="366" coveredelements="296" complexity="0" loc="240" ncloc="240" packages="3" files="5" classes="5"/>
    <package name="cache">
      <metrics statements="116" coveredstatements="87" conditionals="47" coveredconditionals="24" methods="8" coveredmethods="8"/>
      <file name="cache.ts" path="/Users/berkemusellim/Downloads/sonarqube-25.6.0.109173/bin/macosx-universal-64/rug-swe25/backend/src/cache/cache.ts">
        <metrics statements="116" coveredstatements="87" conditionals="47" coveredconditionals="24" methods="8" coveredmethods="8"/>
        <line num="5" count="1" type="stmt"/>
        <line num="8" count="1" type="stmt"/>
        <line num="22" count="1" type="stmt"/>
        <line num="26" count="5" type="stmt"/>
        <line num="28" count="5" type="cond" truecount="1" falsecount="0"/>
        <line num="29" count="1" type="cond" truecount="0" falsecount="1"/>
        <line num="30" count="0" type="stmt"/>
        <line num="32" count="1" type="stmt"/>
        <line num="36" count="4" type="stmt"/>
        <line num="39" count="3" type="cond" truecount="1" falsecount="0"/>
        <line num="40" count="2" type="cond" truecount="0" falsecount="1"/>
        <line num="41" count="0" type="stmt"/>
        <line num="43" count="2" type="stmt"/>
        <line num="47" count="1" type="cond" truecount="0" falsecount="1"/>
        <line num="48" count="0" type="stmt"/>
        <line num="50" count="1" type="stmt"/>
        <line num="52" count="2" type="stmt"/>
        <line num="53" count="2" type="stmt"/>
        <line num="64" count="1" type="stmt"/>
        <line num="70" count="4" type="stmt"/>
        <line num="72" count="4" type="cond" truecount="1" falsecount="0"/>
        <line num="73" count="1" type="cond" truecount="0" falsecount="1"/>
        <line num="74" count="0" type="stmt"/>
        <line num="76" count="1" type="stmt"/>
        <line num="80" count="3" type="stmt"/>
        <line num="86" count="2" type="cond" truecount="0" falsecount="1"/>
        <line num="87" count="0" type="stmt"/>
        <line num="90" count="1" type="stmt"/>
        <line num="100" count="1" type="stmt"/>
        <line num="103" count="6" type="stmt"/>
        <line num="105" count="6" type="cond" truecount="1" falsecount="0"/>
        <line num="106" count="1" type="cond" truecount="0" falsecount="1"/>
        <line num="107" count="0" type="stmt"/>
        <line num="109" count="1" type="stmt"/>
        <line num="113" count="5" type="stmt"/>
        <line num="116" count="5" type="cond" truecount="1" falsecount="0"/>
        <line num="117" count="2" type="cond" truecount="0" falsecount="1"/>
        <line num="118" count="0" type="stmt"/>
        <line num="120" count="2" type="stmt"/>
        <line num="124" count="3" type="stmt"/>
        <line num="127" count="3" type="cond" truecount="1" falsecount="0"/>
        <line num="128" count="3" type="cond" truecount="0" falsecount="1"/>
        <line num="129" count="0" type="stmt"/>
        <line num="131" count="3" type="stmt"/>
        <line num="135" count="0" type="cond" truecount="0" falsecount="1"/>
        <line num="136" count="0" type="stmt"/>
        <line num="138" count="0" type="stmt"/>
        <line num="140" count="0" type="stmt"/>
        <line num="141" count="0" type="stmt"/>
        <line num="150" count="1" type="stmt"/>
        <line num="154" count="3" type="stmt"/>
        <line num="156" count="3" type="cond" truecount="1" falsecount="0"/>
        <line num="157" count="1" type="cond" truecount="0" falsecount="1"/>
        <line num="158" count="0" type="stmt"/>
        <line num="160" count="1" type="stmt"/>
        <line num="164" count="2" type="stmt"/>
        <line num="167" count="2" type="stmt"/>
        <line num="173" count="1" type="cond" truecount="0" falsecount="1"/>
        <line num="174" count="0" type="stmt"/>
        <line num="178" count="1" type="stmt"/>
        <line num="184" count="1" type="stmt"/>
        <line num="195" count="5" type="stmt"/>
        <line num="196" count="5" type="stmt"/>
        <line num="197" count="5" type="stmt"/>
        <line num="200" count="5" type="stmt"/>
        <line num="201" count="5" type="stmt"/>
        <line num="204" count="5" type="cond" truecount="1" falsecount="1"/>
        <line num="207" count="5" type="stmt"/>
        <line num="210" count="5" type="cond" truecount="2" falsecount="0"/>
        <line num="212" count="5" type="cond" truecount="0" falsecount="1"/>
        <line num="213" count="0" type="stmt"/>
        <line num="214" count="0" type="stmt"/>
        <line num="215" count="0" type="stmt"/>
        <line num="219" count="5" type="cond" truecount="1" falsecount="0"/>
        <line num="220" count="2" type="stmt"/>
        <line num="224" count="3" type="stmt"/>
        <line num="227" count="3" type="cond" truecount="2" falsecount="0"/>
        <line num="229" count="3" type="cond" truecount="0" falsecount="1"/>
        <line num="230" count="0" type="stmt"/>
        <line num="231" count="0" type="stmt"/>
        <line num="234" count="3" type="stmt"/>
        <line num="243" count="3" type="stmt"/>
        <line num="245" count="3" type="cond" truecount="0" falsecount="1"/>
        <line num="246" count="0" type="stmt"/>
        <line num="250" count="3" type="stmt"/>
        <line num="253" count="3" type="stmt"/>
        <line num="256" count="3" type="cond" truecount="1" falsecount="0"/>
        <line num="257" count="2" type="cond" truecount="0" falsecount="1"/>
        <line num="258" count="0" type="stmt"/>
        <line num="260" count="2" type="stmt"/>
        <line num="264" count="1" type="stmt"/>
        <line num="265" count="1" type="stmt"/>
        <line num="269" count="1" type="cond" truecount="3" falsecount="0"/>
        <line num="274" count="1" type="stmt"/>
        <line num="275" count="1" type="stmt"/>
        <line num="278" count="1" type="cond" truecount="1" falsecount="2"/>
        <line num="282" count="1" type="cond" truecount="2" falsecount="0"/>
        <line num="284" count="1" type="cond" truecount="0" falsecount="1"/>
        <line num="285" count="0" type="stmt"/>
        <line num="286" count="0" type="stmt"/>
        <line num="287" count="0" type="stmt"/>
        <line num="290" count="1" type="stmt"/>
        <line num="293" count="0" type="stmt"/>
        <line num="294" count="0" type="stmt"/>
        <line num="303" count="1" type="stmt"/>
        <line num="307" count="3" type="stmt"/>
        <line num="309" count="3" type="cond" truecount="1" falsecount="0"/>
        <line num="310" count="1" type="cond" truecount="0" falsecount="1"/>
        <line num="311" count="0" type="stmt"/>
        <line num="313" count="1" type="stmt"/>
        <line num="316" count="2" type="stmt"/>
        <line num="318" count="1" type="cond" truecount="0" falsecount="1"/>
        <line num="319" count="0" type="stmt"/>
        <line num="322" count="1" type="stmt"/>
        <line num="332" count="1" type="stmt"/>
        <line num="333" count="3" type="stmt"/>
      </file>
    </package>
    <package name="llm">
      <metrics statements="41" coveredstatements="41" conditionals="7" coveredconditionals="7" methods="5" coveredmethods="5"/>
      <file name="llm.ts" path="/Users/berkemusellim/Downloads/sonarqube-25.6.0.109173/bin/macosx-universal-64/rug-swe25/backend/src/llm/llm.ts">
        <metrics statements="41" coveredstatements="41" conditionals="7" coveredconditionals="7" methods="5" coveredmethods="5"/>
        <line num="4" count="1" type="stmt"/>
        <line num="10" count="1" type="stmt"/>
        <line num="59" count="1" type="stmt"/>
        <line num="63" count="3" type="stmt"/>
        <line num="65" count="3" type="stmt"/>
        <line num="68" count="3" type="stmt"/>
        <line num="71" count="2" type="stmt"/>
        <line num="73" count="1" type="stmt"/>
        <line num="75" count="1" type="stmt"/>
        <line num="92" count="1" type="stmt"/>
        <line num="97" count="8" type="stmt"/>
        <line num="99" count="8" type="stmt"/>
        <line num="102" count="8" type="stmt"/>
        <line num="103" count="8" type="stmt"/>
        <line num="105" count="8" type="stmt"/>
        <line num="106" count="18" type="stmt"/>
        <line num="107" count="18" type="stmt"/>
        <line num="129" count="9" type="cond" truecount="1" falsecount="0"/>
        <line num="130" count="4" type="stmt"/>
        <line num="131" count="4" type="stmt"/>
        <line num="135" count="5" type="stmt"/>
        <line num="138" count="5" type="stmt"/>
        <line num="140" count="13" type="stmt"/>
        <line num="143" count="13" type="cond" truecount="1" falsecount="0"/>
        <line num="144" count="3" type="stmt"/>
        <line num="148" count="10" type="stmt"/>
        <line num="149" count="10" type="stmt"/>
        <line num="152" count="10" type="stmt"/>
        <line num="165" count="1" type="stmt"/>
        <line num="167" count="11" type="stmt"/>
        <line num="169" count="11" type="cond" truecount="1" falsecount="0"/>
        <line num="170" count="9" type="stmt"/>
        <line num="174" count="2" type="stmt"/>
        <line num="175" count="2" type="stmt"/>
        <line num="186" count="1" type="stmt"/>
        <line num="187" count="10" type="stmt"/>
        <line num="189" count="10" type="stmt"/>
        <line num="191" count="7" type="stmt"/>
        <line num="194" count="7" type="stmt"/>
        <line num="195" count="7" type="stmt"/>
        <line num="197" count="7" type="stmt"/>
      </file>
    </package>
    <package name="main">
      <metrics statements="83" coveredstatements="74" conditionals="50" coveredconditionals="41" methods="9" coveredmethods="9"/>
      <file name="index.ts" path="/Users/berkemusellim/Downloads/sonarqube-25.6.0.109173/bin/macosx-universal-64/rug-swe25/backend/src/main/index.ts">
        <metrics statements="26" coveredstatements="24" conditionals="11" coveredconditionals="9" methods="3" coveredmethods="3"/>
        <line num="9" count="1" type="stmt"/>
        <line num="10" count="1" type="stmt"/>
        <line num="14" count="1" type="stmt"/>
        <line num="25" count="1" type="stmt"/>
        <line num="33" count="1" type="stmt"/>
        <line num="34" count="1" type="stmt"/>
        <line num="40" count="1" type="stmt"/>
        <line num="43" count="11" type="cond" truecount="0" falsecount="1"/>
        <line num="44" count="0" type="stmt"/>
        <line num="47" count="11" type="stmt"/>
        <line num="49" count="11" type="stmt"/>
        <line num="50" count="11" type="stmt"/>
        <line num="53" count="11" type="cond" truecount="2" falsecount="0"/>
        <line num="56" count="11" type="cond" truecount="3" falsecount="0"/>
        <line num="57" count="4" type="stmt"/>
        <line num="69" count="7" type="stmt"/>
        <line num="72" count="5" type="stmt"/>
        <line num="75" count="5" type="cond" truecount="2" falsecount="0"/>
        <line num="77" count="5" type="cond" truecount="0" falsecount="1"/>
        <line num="78" count="0" type="stmt"/>
        <line num="82" count="5" type="stmt"/>
        <line num="88" count="5" type="stmt"/>
        <line num="91" count="8" type="stmt"/>
        <line num="94" count="5" type="stmt"/>
        <line num="107" count="2" type="stmt"/>
        <line num="108" count="2" type="stmt"/>
      </file>
      <file name="service.ts" path="/Users/berkemusellim/Downloads/sonarqube-25.6.0.109173/bin/macosx-universal-64/rug-swe25/backend/src/main/service.ts">
        <metrics statements="48" coveredstatements="41" conditionals="22" coveredconditionals="15" methods="4" coveredmethods="4"/>
        <line num="4" count="1" type="stmt"/>
        <line num="5" count="1" type="stmt"/>
        <line num="7" count="1" type="stmt"/>
        <line num="10" count="1" type="stmt"/>
        <line num="21" count="1" type="stmt"/>
        <line num="22" count="6" type="stmt"/>
        <line num="23" count="6" type="cond" truecount="0" falsecount="1"/>
        <line num="24" count="0" type="stmt"/>
        <line num="28" count="6" type="stmt"/>
        <line num="31" count="5" type="cond" truecount="1" falsecount="0"/>
        <line num="32" count="1" type="cond" truecount="0" falsecount="1"/>
        <line num="33" count="0" type="stmt"/>
        <line num="35" count="1" type="stmt"/>
        <line num="39" count="4" type="cond" truecount="0" falsecount="1"/>
        <line num="40" count="0" type="stmt"/>
        <line num="43" count="4" type="stmt"/>
        <line num="49" count="2" type="cond" truecount="1" falsecount="0"/>
        <line num="50" count="1" type="stmt"/>
        <line num="54" count="1" type="stmt"/>
        <line num="56" count="1" type="cond" truecount="0" falsecount="1"/>
        <line num="57" count="0" type="stmt"/>
        <line num="61" count="1" type="stmt"/>
        <line num="64" count="1" type="stmt"/>
        <line num="66" count="4" type="stmt"/>
        <line num="67" count="4" type="cond" truecount="2" falsecount="0"/>
        <line num="81" count="1" type="stmt"/>
        <line num="85" count="6" type="cond" truecount="0" falsecount="1"/>
        <line num="86" count="0" type="stmt"/>
        <line num="90" count="6" type="stmt"/>
        <line num="91" count="6" type="cond" truecount="1" falsecount="0"/>
        <line num="92" count="1" type="stmt"/>
        <line num="96" count="5" type="stmt"/>
        <line num="98" count="7" type="stmt"/>
        <line num="100" count="7" type="stmt"/>
        <line num="102" count="7" type="stmt"/>
        <line num="105" count="7" type="cond" truecount="2" falsecount="0"/>
        <line num="106" count="3" type="cond" truecount="0" falsecount="1"/>
        <line num="107" count="0" type="stmt"/>
        <line num="110" count="3" type="stmt"/>
        <line num="113" count="2" type="stmt"/>
        <line num="114" count="4" type="cond" truecount="0" falsecount="1"/>
        <line num="115" count="0" type="stmt"/>
        <line num="119" count="6" type="stmt"/>
        <line num="124" count="1" type="stmt"/>
        <line num="127" count="1" type="stmt"/>
        <line num="132" count="1" type="stmt"/>
        <line num="147" count="1" type="stmt"/>
        <line num="148" count="5" type="stmt"/>
      </file>
      <file name="transformer.ts" path="/Users/berkemusellim/Downloads/sonarqube-25.6.0.109173/bin/macosx-universal-64/rug-swe25/backend/src/main/transformer.ts">
        <metrics statements="9" coveredstatements="9" conditionals="17" coveredconditionals="17" methods="2" coveredmethods="2"/>
        <line num="11" count="1" type="stmt"/>
        <line num="13" count="16" type="stmt"/>
        <line num="14" count="16" type="cond" truecount="1" falsecount="0"/>
        <line num="15" count="5" type="cond" truecount="2" falsecount="0"/>
        <line num="16" count="3" type="stmt"/>
        <line num="19" count="10" type="stmt"/>
        <line num="24" count="16" type="stmt"/>
        <line num="31" count="16" type="cond" truecount="2" falsecount="0"/>
        <line num="36" count="16" type="stmt"/>
      </file>
    </package>
  </project>
</coverage>
