{"/Users/berkemusellim/Downloads/sonarqube-25.6.0.109173/bin/macosx-universal-64/rug-swe25/backend/src/cache/cache.ts": {"path":"/Users/berkemusellim/Downloads/sonarqube-25.6.0.109173/bin/macosx-universal-64/rug-swe25/backend/src/cache/cache.ts","statementMap":{"0":{"start":{"line":22,"column":0},"end":{"line":22,"column":7}},"1":{"start":{"line":64,"column":0},"end":{"line":64,"column":7}},"2":{"start":{"line":100,"column":0},"end":{"line":100,"column":7}},"3":{"start":{"line":150,"column":0},"end":{"line":150,"column":7}},"4":{"start":{"line":303,"column":0},"end":{"line":303,"column":7}},"5":{"start":{"line":332,"column":0},"end":{"line":332,"column":16}},"6":{"start":{"line":5,"column":0},"end":{"line":5,"column":43}},"7":{"start":{"line":8,"column":13},"end":{"line":14,"column":2}},"8":{"start":{"line":26,"column":2},"end":{"line":54,"column":3}},"9":{"start":{"line":28,"column":4},"end":{"line":33,"column":5}},"10":{"start":{"line":29,"column":6},"end":{"line":31,"column":7}},"11":{"start":{"line":30,"column":8},"end":{"line":30,"column":73}},"12":{"start":{"line":32,"column":6},"end":{"line":32,"column":18}},"13":{"start":{"line":36,"column":27},"end":{"line":36,"column":61}},"14":{"start":{"line":39,"column":4},"end":{"line":44,"column":5}},"15":{"start":{"line":40,"column":6},"end":{"line":42,"column":7}},"16":{"start":{"line":41,"column":8},"end":{"line":41,"column":49}},"17":{"start":{"line":43,"column":6},"end":{"line":43,"column":40}},"18":{"start":{"line":47,"column":4},"end":{"line":49,"column":5}},"19":{"start":{"line":48,"column":6},"end":{"line":48,"column":48}},"20":{"start":{"line":50,"column":4},"end":{"line":50,"column":16}},"21":{"start":{"line":52,"column":4},"end":{"line":52,"column":57}},"22":{"start":{"line":53,"column":4},"end":{"line":53,"column":16}},"23":{"start":{"line":70,"column":2},"end":{"line":92,"column":3}},"24":{"start":{"line":72,"column":4},"end":{"line":77,"column":5}},"25":{"start":{"line":73,"column":6},"end":{"line":75,"column":7}},"26":{"start":{"line":74,"column":8},"end":{"line":74,"column":74}},"27":{"start":{"line":76,"column":6},"end":{"line":76,"column":13}},"28":{"start":{"line":80,"column":4},"end":{"line":84,"column":6}},"29":{"start":{"line":86,"column":4},"end":{"line":88,"column":5}},"30":{"start":{"line":87,"column":6},"end":{"line":87,"column":70}},"31":{"start":{"line":90,"column":4},"end":{"line":90,"column":52}},"32":{"start":{"line":103,"column":2},"end":{"line":142,"column":3}},"33":{"start":{"line":105,"column":4},"end":{"line":110,"column":5}},"34":{"start":{"line":106,"column":6},"end":{"line":108,"column":7}},"35":{"start":{"line":107,"column":8},"end":{"line":107,"column":87}},"36":{"start":{"line":109,"column":6},"end":{"line":109,"column":18}},"37":{"start":{"line":113,"column":21},"end":{"line":113,"column":52}},"38":{"start":{"line":116,"column":4},"end":{"line":121,"column":5}},"39":{"start":{"line":117,"column":6},"end":{"line":119,"column":7}},"40":{"start":{"line":118,"column":8},"end":{"line":118,"column":67}},"41":{"start":{"line":120,"column":6},"end":{"line":120,"column":18}},"42":{"start":{"line":124,"column":24},"end":{"line":124,"column":58}},"43":{"start":{"line":127,"column":4},"end":{"line":132,"column":5}},"44":{"start":{"line":128,"column":6},"end":{"line":130,"column":7}},"45":{"start":{"line":129,"column":8},"end":{"line":129,"column":63}},"46":{"start":{"line":131,"column":6},"end":{"line":131,"column":37}},"47":{"start":{"line":135,"column":4},"end":{"line":137,"column":5}},"48":{"start":{"line":136,"column":6},"end":{"line":136,"column":62}},"49":{"start":{"line":138,"column":4},"end":{"line":138,"column":16}},"50":{"start":{"line":140,"column":4},"end":{"line":140,"column":71}},"51":{"start":{"line":141,"column":4},"end":{"line":141,"column":16}},"52":{"start":{"line":154,"column":2},"end":{"line":186,"column":3}},"53":{"start":{"line":156,"column":4},"end":{"line":161,"column":5}},"54":{"start":{"line":157,"column":6},"end":{"line":159,"column":7}},"55":{"start":{"line":158,"column":8},"end":{"line":158,"column":88}},"56":{"start":{"line":160,"column":6},"end":{"line":160,"column":13}},"57":{"start":{"line":164,"column":21},"end":{"line":164,"column":52}},"58":{"start":{"line":167,"column":4},"end":{"line":171,"column":6}},"59":{"start":{"line":173,"column":4},"end":{"line":175,"column":5}},"60":{"start":{"line":174,"column":6},"end":{"line":174,"column":114}},"61":{"start":{"line":178,"column":4},"end":{"line":182,"column":6}},"62":{"start":{"line":184,"column":4},"end":{"line":184,"column":66}},"63":{"start":{"line":195,"column":14},"end":{"line":195,"column":24}},"64":{"start":{"line":196,"column":22},"end":{"line":196,"column":39}},"65":{"start":{"line":197,"column":24},"end":{"line":197,"column":43}},"66":{"start":{"line":200,"column":22},"end":{"line":200,"column":47}},"67":{"start":{"line":201,"column":24},"end":{"line":201,"column":51}},"68":{"start":{"line":204,"column":25},"end":{"line":204,"column":86}},"69":{"start":{"line":207,"column":30},"end":{"line":207,"column":55}},"70":{"start":{"line":210,"column":26},"end":{"line":210,"column":61}},"71":{"start":{"line":212,"column":2},"end":{"line":216,"column":3}},"72":{"start":{"line":213,"column":4},"end":{"line":213,"column":69}},"73":{"start":{"line":214,"column":4},"end":{"line":214,"column":65}},"74":{"start":{"line":215,"column":4},"end":{"line":215,"column":99}},"75":{"start":{"line":219,"column":2},"end":{"line":221,"column":3}},"76":{"start":{"line":220,"column":4},"end":{"line":220,"column":17}},"77":{"start":{"line":224,"column":27},"end":{"line":224,"column":55}},"78":{"start":{"line":227,"column":24},"end":{"line":227,"column":60}},"79":{"start":{"line":229,"column":2},"end":{"line":232,"column":3}},"80":{"start":{"line":230,"column":4},"end":{"line":230,"column":64}},"81":{"start":{"line":231,"column":4},"end":{"line":231,"column":58}},"82":{"start":{"line":234,"column":2},"end":{"line":234,"column":23}},"83":{"start":{"line":243,"column":2},"end":{"line":295,"column":3}},"84":{"start":{"line":245,"column":4},"end":{"line":247,"column":5}},"85":{"start":{"line":246,"column":6},"end":{"line":246,"column":19}},"86":{"start":{"line":250,"column":27},"end":{"line":250,"column":76}},"87":{"start":{"line":253,"column":33},"end":{"line":253,"column":73}},"88":{"start":{"line":256,"column":4},"end":{"line":261,"column":5}},"89":{"start":{"line":257,"column":6},"end":{"line":259,"column":7}},"90":{"start":{"line":258,"column":8},"end":{"line":258,"column":76}},"91":{"start":{"line":260,"column":6},"end":{"line":260,"column":19}},"92":{"start":{"line":264,"column":24},"end":{"line":264,"column":54}},"93":{"start":{"line":265,"column":16},"end":{"line":265,"column":26}},"94":{"start":{"line":269,"column":6},"end":{"line":271,"column":51}},"95":{"start":{"line":274,"column":28},"end":{"line":274,"column":53}},"96":{"start":{"line":275,"column":30},"end":{"line":275,"column":57}},"97":{"start":{"line":278,"column":6},"end":{"line":280,"column":56}},"98":{"start":{"line":282,"column":25},"end":{"line":282,"column":57}},"99":{"start":{"line":284,"column":4},"end":{"line":288,"column":5}},"100":{"start":{"line":285,"column":6},"end":{"line":285,"column":59}},"101":{"start":{"line":286,"column":6},"end":{"line":286,"column":88}},"102":{"start":{"line":287,"column":6},"end":{"line":287,"column":58}},"103":{"start":{"line":290,"column":4},"end":{"line":290,"column":24}},"104":{"start":{"line":293,"column":4},"end":{"line":293,"column":78}},"105":{"start":{"line":294,"column":4},"end":{"line":294,"column":17}},"106":{"start":{"line":307,"column":2},"end":{"line":323,"column":3}},"107":{"start":{"line":309,"column":4},"end":{"line":314,"column":5}},"108":{"start":{"line":310,"column":6},"end":{"line":312,"column":7}},"109":{"start":{"line":311,"column":8},"end":{"line":311,"column":79}},"110":{"start":{"line":313,"column":6},"end":{"line":313,"column":13}},"111":{"start":{"line":316,"column":4},"end":{"line":316,"column":42}},"112":{"start":{"line":318,"column":4},"end":{"line":320,"column":5}},"113":{"start":{"line":319,"column":6},"end":{"line":319,"column":55}},"114":{"start":{"line":322,"column":4},"end":{"line":322,"column":54}},"115":{"start":{"line":333,"column":2},"end":{"line":333,"column":45}}},"fnMap":{"0":{"name":"getAnalysisFromCache","decl":{"start":{"line":22,"column":22},"end":{"line":22,"column":42}},"loc":{"start":{"line":24,"column":10},"end":{"line":55,"column":1}}},"1":{"name":"storeAnalysisInCache","decl":{"start":{"line":64,"column":22},"end":{"line":64,"column":42}},"loc":{"start":{"line":68,"column":40},"end":{"line":93,"column":1}}},"2":{"name":"getPopularReposFromCache","decl":{"start":{"line":100,"column":22},"end":{"line":100,"column":46}},"loc":{"start":{"line":101,"column":10},"end":{"line":143,"column":1}}},"3":{"name":"storePopularReposInCache","decl":{"start":{"line":150,"column":22},"end":{"line":150,"column":46}},"loc":{"start":{"line":152,"column":10},"end":{"line":187,"column":1}}},"4":{"name":"shouldRefreshCache","decl":{"start":{"line":194,"column":15},"end":{"line":194,"column":33}},"loc":{"start":{"line":194,"column":42},"end":{"line":235,"column":1}}},"5":{"name":"hasRefreshedToday","decl":{"start":{"line":242,"column":15},"end":{"line":242,"column":32}},"loc":{"start":{"line":242,"column":41},"end":{"line":296,"column":1}}},"6":{"name":"invalidateCacheEntry","decl":{"start":{"line":303,"column":22},"end":{"line":303,"column":42}},"loc":{"start":{"line":305,"column":10},"end":{"line":324,"column":1}}},"7":{"name":"generateCacheKey","decl":{"start":{"line":332,"column":16},"end":{"line":332,"column":32}},"loc":{"start":{"line":332,"column":72},"end":{"line":334,"column":1}}}},"branchMap":{"0":{"loc":{"start":{"line":10,"column":15},"end":{"line":10,"column":51}},"type":"binary-expr","locations":[{"start":{"line":10,"column":15},"end":{"line":10,"column":42}},{"start":{"line":10,"column":46},"end":{"line":10,"column":51}}]},"1":{"loc":{"start":{"line":13,"column":19},"end":{"line":13,"column":59}},"type":"binary-expr","locations":[{"start":{"line":13,"column":19},"end":{"line":13,"column":50}},{"start":{"line":13,"column":54},"end":{"line":13,"column":59}}]},"2":{"loc":{"start":{"line":28,"column":4},"end":{"line":33,"column":5}},"type":"if","locations":[{"start":{"line":28,"column":4},"end":{"line":33,"column":5}}]},"3":{"loc":{"start":{"line":29,"column":6},"end":{"line":31,"column":7}},"type":"if","locations":[{"start":{"line":29,"column":6},"end":{"line":31,"column":7}}]},"4":{"loc":{"start":{"line":39,"column":4},"end":{"line":44,"column":5}},"type":"if","locations":[{"start":{"line":39,"column":4},"end":{"line":44,"column":5}}]},"5":{"loc":{"start":{"line":40,"column":6},"end":{"line":42,"column":7}},"type":"if","locations":[{"start":{"line":40,"column":6},"end":{"line":42,"column":7}}]},"6":{"loc":{"start":{"line":47,"column":4},"end":{"line":49,"column":5}},"type":"if","locations":[{"start":{"line":47,"column":4},"end":{"line":49,"column":5}}]},"7":{"loc":{"start":{"line":68,"column":2},"end":{"line":68,"column":40}},"type":"default-arg","locations":[{"start":{"line":68,"column":16},"end":{"line":68,"column":40}}]},"8":{"loc":{"start":{"line":72,"column":4},"end":{"line":77,"column":5}},"type":"if","locations":[{"start":{"line":72,"column":4},"end":{"line":77,"column":5}}]},"9":{"loc":{"start":{"line":73,"column":6},"end":{"line":75,"column":7}},"type":"if","locations":[{"start":{"line":73,"column":6},"end":{"line":75,"column":7}}]},"10":{"loc":{"start":{"line":86,"column":4},"end":{"line":88,"column":5}},"type":"if","locations":[{"start":{"line":86,"column":4},"end":{"line":88,"column":5}}]},"11":{"loc":{"start":{"line":105,"column":4},"end":{"line":110,"column":5}},"type":"if","locations":[{"start":{"line":105,"column":4},"end":{"line":110,"column":5}}]},"12":{"loc":{"start":{"line":106,"column":6},"end":{"line":108,"column":7}},"type":"if","locations":[{"start":{"line":106,"column":6},"end":{"line":108,"column":7}}]},"13":{"loc":{"start":{"line":116,"column":4},"end":{"line":121,"column":5}},"type":"if","locations":[{"start":{"line":116,"column":4},"end":{"line":121,"column":5}}]},"14":{"loc":{"start":{"line":117,"column":6},"end":{"line":119,"column":7}},"type":"if","locations":[{"start":{"line":117,"column":6},"end":{"line":119,"column":7}}]},"15":{"loc":{"start":{"line":127,"column":4},"end":{"line":132,"column":5}},"type":"if","locations":[{"start":{"line":127,"column":4},"end":{"line":132,"column":5}}]},"16":{"loc":{"start":{"line":128,"column":6},"end":{"line":130,"column":7}},"type":"if","locations":[{"start":{"line":128,"column":6},"end":{"line":130,"column":7}}]},"17":{"loc":{"start":{"line":135,"column":4},"end":{"line":137,"column":5}},"type":"if","locations":[{"start":{"line":135,"column":4},"end":{"line":137,"column":5}}]},"18":{"loc":{"start":{"line":156,"column":4},"end":{"line":161,"column":5}},"type":"if","locations":[{"start":{"line":156,"column":4},"end":{"line":161,"column":5}}]},"19":{"loc":{"start":{"line":157,"column":6},"end":{"line":159,"column":7}},"type":"if","locations":[{"start":{"line":157,"column":6},"end":{"line":159,"column":7}}]},"20":{"loc":{"start":{"line":173,"column":4},"end":{"line":175,"column":5}},"type":"if","locations":[{"start":{"line":173,"column":4},"end":{"line":175,"column":5}}]},"21":{"loc":{"start":{"line":204,"column":25},"end":{"line":204,"column":86}},"type":"binary-expr","locations":[{"start":{"line":204,"column":25},"end":{"line":204,"column":52}},{"start":{"line":204,"column":56},"end":{"line":204,"column":86}}]},"22":{"loc":{"start":{"line":210,"column":26},"end":{"line":210,"column":61}},"type":"binary-expr","locations":[{"start":{"line":210,"column":26},"end":{"line":210,"column":39}},{"start":{"line":210,"column":43},"end":{"line":210,"column":61}}]},"23":{"loc":{"start":{"line":212,"column":2},"end":{"line":216,"column":3}},"type":"if","locations":[{"start":{"line":212,"column":2},"end":{"line":216,"column":3}}]},"24":{"loc":{"start":{"line":219,"column":2},"end":{"line":221,"column":3}},"type":"if","locations":[{"start":{"line":219,"column":2},"end":{"line":221,"column":3}}]},"25":{"loc":{"start":{"line":227,"column":24},"end":{"line":227,"column":60}},"type":"binary-expr","locations":[{"start":{"line":227,"column":24},"end":{"line":227,"column":39}},{"start":{"line":227,"column":43},"end":{"line":227,"column":60}}]},"26":{"loc":{"start":{"line":229,"column":2},"end":{"line":232,"column":3}},"type":"if","locations":[{"start":{"line":229,"column":2},"end":{"line":232,"column":3}}]},"27":{"loc":{"start":{"line":245,"column":4},"end":{"line":247,"column":5}},"type":"if","locations":[{"start":{"line":245,"column":4},"end":{"line":247,"column":5}}]},"28":{"loc":{"start":{"line":256,"column":4},"end":{"line":261,"column":5}},"type":"if","locations":[{"start":{"line":256,"column":4},"end":{"line":261,"column":5}}]},"29":{"loc":{"start":{"line":257,"column":6},"end":{"line":259,"column":7}},"type":"if","locations":[{"start":{"line":257,"column":6},"end":{"line":259,"column":7}}]},"30":{"loc":{"start":{"line":269,"column":6},"end":{"line":271,"column":51}},"type":"binary-expr","locations":[{"start":{"line":269,"column":6},"end":{"line":269,"column":59}},{"start":{"line":270,"column":6},"end":{"line":270,"column":53}},{"start":{"line":271,"column":6},"end":{"line":271,"column":51}}]},"31":{"loc":{"start":{"line":278,"column":6},"end":{"line":280,"column":56}},"type":"binary-expr","locations":[{"start":{"line":278,"column":7},"end":{"line":278,"column":50}},{"start":{"line":279,"column":7},"end":{"line":279,"column":52}},{"start":{"line":280,"column":7},"end":{"line":280,"column":55}}]},"32":{"loc":{"start":{"line":282,"column":25},"end":{"line":282,"column":57}},"type":"binary-expr","locations":[{"start":{"line":282,"column":25},"end":{"line":282,"column":34}},{"start":{"line":282,"column":38},"end":{"line":282,"column":57}}]},"33":{"loc":{"start":{"line":284,"column":4},"end":{"line":288,"column":5}},"type":"if","locations":[{"start":{"line":284,"column":4},"end":{"line":288,"column":5}}]},"34":{"loc":{"start":{"line":309,"column":4},"end":{"line":314,"column":5}},"type":"if","locations":[{"start":{"line":309,"column":4},"end":{"line":314,"column":5}}]},"35":{"loc":{"start":{"line":310,"column":6},"end":{"line":312,"column":7}},"type":"if","locations":[{"start":{"line":310,"column":6},"end":{"line":312,"column":7}}]},"36":{"loc":{"start":{"line":318,"column":4},"end":{"line":320,"column":5}},"type":"if","locations":[{"start":{"line":318,"column":4},"end":{"line":320,"column":5}}]}},"s":{"0":1,"1":1,"2":1,"3":1,"4":1,"5":1,"6":1,"7":1,"8":5,"9":5,"10":1,"11":0,"12":1,"13":4,"14":3,"15":2,"16":0,"17":2,"18":1,"19":0,"20":1,"21":2,"22":2,"23":4,"24":4,"25":1,"26":0,"27":1,"28":3,"29":2,"30":0,"31":1,"32":6,"33":6,"34":1,"35":0,"36":1,"37":5,"38":5,"39":2,"40":0,"41":2,"42":3,"43":3,"44":3,"45":0,"46":3,"47":0,"48":0,"49":0,"50":0,"51":0,"52":3,"53":3,"54":1,"55":0,"56":1,"57":2,"58":2,"59":1,"60":0,"61":1,"62":1,"63":5,"64":5,"65":5,"66":5,"67":5,"68":5,"69":5,"70":5,"71":5,"72":0,"73":0,"74":0,"75":5,"76":2,"77":3,"78":3,"79":3,"80":0,"81":0,"82":3,"83":3,"84":3,"85":0,"86":3,"87":3,"88":3,"89":2,"90":0,"91":2,"92":1,"93":1,"94":1,"95":1,"96":1,"97":1,"98":1,"99":1,"100":0,"101":0,"102":0,"103":1,"104":0,"105":0,"106":3,"107":3,"108":1,"109":0,"110":1,"111":2,"112":1,"113":0,"114":1,"115":3},"f":{"0":5,"1":4,"2":6,"3":3,"4":5,"5":3,"6":3,"7":3},"b":{"0":[1,0],"1":[1,0],"2":[1],"3":[0],"4":[2],"5":[0],"6":[0],"7":[3],"8":[1],"9":[0],"10":[0],"11":[1],"12":[0],"13":[2],"14":[0],"15":[3],"16":[0],"17":[0],"18":[1],"19":[0],"20":[0],"21":[5,0],"22":[5,5],"23":[0],"24":[2],"25":[3,3],"26":[0],"27":[0],"28":[2],"29":[0],"30":[1,1,1],"31":[1,0,0],"32":[1,1],"33":[0],"34":[1],"35":[0],"36":[0]}}
,"/Users/berkemusellim/Downloads/sonarqube-25.6.0.109173/bin/macosx-universal-64/rug-swe25/backend/src/llm/llm.ts": {"path":"/Users/berkemusellim/Downloads/sonarqube-25.6.0.109173/bin/macosx-universal-64/rug-swe25/backend/src/llm/llm.ts","statementMap":{"0":{"start":{"line":59,"column":0},"end":{"line":59,"column":7}},"1":{"start":{"line":92,"column":0},"end":{"line":92,"column":7}},"2":{"start":{"line":165,"column":0},"end":{"line":165,"column":16}},"3":{"start":{"line":186,"column":0},"end":{"line":186,"column":16}},"4":{"start":{"line":4,"column":0},"end":{"line":4,"column":57}},"5":{"start":{"line":10,"column":13},"end":{"line":48,"column":2}},"6":{"start":{"line":63,"column":2},"end":{"line":79,"column":3}},"7":{"start":{"line":65,"column":18},"end":{"line":65,"column":46}},"8":{"start":{"line":68,"column":19},"end":{"line":68,"column":55}},"9":{"start":{"line":71,"column":4},"end":{"line":71,"column":50}},"10":{"start":{"line":73,"column":4},"end":{"line":73,"column":69}},"11":{"start":{"line":75,"column":4},"end":{"line":78,"column":6}},"12":{"start":{"line":97,"column":25},"end":{"line":97,"column":52}},"13":{"start":{"line":99,"column":17},"end":{"line":99,"column":36}},"14":{"start":{"line":102,"column":16},"end":{"line":102,"column":17}},"15":{"start":{"line":103,"column":14},"end":{"line":103,"column":45}},"16":{"start":{"line":105,"column":2},"end":{"line":154,"column":3}},"17":{"start":{"line":106,"column":4},"end":{"line":153,"column":5}},"18":{"start":{"line":107,"column":23},"end":{"line":127,"column":8}},"19":{"start":{"line":129,"column":6},"end":{"line":132,"column":7}},"20":{"start":{"line":130,"column":26},"end":{"line":130,"column":47}},"21":{"start":{"line":131,"column":8},"end":{"line":131,"column":82}},"22":{"start":{"line":135,"column":19},"end":{"line":135,"column":63}},"23":{"start":{"line":138,"column":6},"end":{"line":138,"column":45}},"24":{"start":{"line":140,"column":6},"end":{"line":140,"column":16}},"25":{"start":{"line":143,"column":6},"end":{"line":145,"column":7}},"26":{"start":{"line":144,"column":8},"end":{"line":144,"column":20}},"27":{"start":{"line":148,"column":6},"end":{"line":148,"column":108}},"28":{"start":{"line":149,"column":6},"end":{"line":149,"column":63}},"29":{"start":{"line":149,"column":35},"end":{"line":149,"column":61}},"30":{"start":{"line":152,"column":6},"end":{"line":152,"column":46}},"31":{"start":{"line":167,"column":26},"end":{"line":167,"column":53}},"32":{"start":{"line":169,"column":2},"end":{"line":171,"column":3}},"33":{"start":{"line":170,"column":4},"end":{"line":170,"column":17}},"34":{"start":{"line":174,"column":19},"end":{"line":174,"column":32}},"35":{"start":{"line":175,"column":2},"end":{"line":175,"column":79}},"36":{"start":{"line":187,"column":2},"end":{"line":201,"column":3}},"37":{"start":{"line":189,"column":4},"end":{"line":189,"column":30}},"38":{"start":{"line":191,"column":4},"end":{"line":191,"column":75}},"39":{"start":{"line":194,"column":26},"end":{"line":194,"column":79}},"40":{"start":{"line":195,"column":25},"end":{"line":195,"column":77}},"41":{"start":{"line":197,"column":4},"end":{"line":200,"column":6}}},"fnMap":{"0":{"name":"generateRepositoryAnalysis","decl":{"start":{"line":59,"column":22},"end":{"line":59,"column":48}},"loc":{"start":{"line":61,"column":16},"end":{"line":80,"column":1}}},"1":{"name":"callDeepseekAPI","decl":{"start":{"line":92,"column":22},"end":{"line":92,"column":37}},"loc":{"start":{"line":94,"column":16},"end":{"line":155,"column":1}}},"2":{"name":"(anonymous_2)","decl":{"start":{"line":149,"column":24},"end":{"line":149,"column":31}},"loc":{"start":{"line":149,"column":35},"end":{"line":149,"column":61}}},"3":{"name":"truncateInput","decl":{"start":{"line":165,"column":16},"end":{"line":165,"column":29}},"loc":{"start":{"line":165,"column":62},"end":{"line":176,"column":1}}},"4":{"name":"parseAnalysisResult","decl":{"start":{"line":186,"column":16},"end":{"line":186,"column":35}},"loc":{"start":{"line":186,"column":68},"end":{"line":202,"column":1}}}},"branchMap":{"0":{"loc":{"start":{"line":129,"column":6},"end":{"line":132,"column":7}},"type":"if","locations":[{"start":{"line":129,"column":6},"end":{"line":132,"column":7}}]},"1":{"loc":{"start":{"line":143,"column":6},"end":{"line":145,"column":7}},"type":"if","locations":[{"start":{"line":143,"column":6},"end":{"line":145,"column":7}}]},"2":{"loc":{"start":{"line":169,"column":2},"end":{"line":171,"column":3}},"type":"if","locations":[{"start":{"line":169,"column":2},"end":{"line":171,"column":3}}]},"3":{"loc":{"start":{"line":198,"column":16},"end":{"line":198,"column":60}},"type":"cond-expr","locations":[{"start":{"line":198,"column":32},"end":{"line":198,"column":48}},{"start":{"line":198,"column":51},"end":{"line":198,"column":60}}]},"4":{"loc":{"start":{"line":199,"column":15},"end":{"line":199,"column":91}},"type":"cond-expr","locations":[{"start":{"line":199,"column":30},"end":{"line":199,"column":45}},{"start":{"line":199,"column":48},"end":{"line":199,"column":91}}]}},"s":{"0":1,"1":1,"2":1,"3":1,"4":1,"5":1,"6":3,"7":3,"8":3,"9":2,"10":1,"11":1,"12":8,"13":8,"14":8,"15":8,"16":8,"17":18,"18":18,"19":9,"20":4,"21":4,"22":5,"23":5,"24":13,"25":13,"26":3,"27":10,"28":10,"29":10,"30":10,"31":11,"32":11,"33":9,"34":2,"35":2,"36":10,"37":10,"38":7,"39":7,"40":7,"41":7},"f":{"0":3,"1":8,"2":10,"3":11,"4":10},"b":{"0":[4],"1":[3],"2":[9],"3":[4,3],"4":[3,4]}}
,"/Users/berkemusellim/Downloads/sonarqube-25.6.0.109173/bin/macosx-universal-64/rug-swe25/backend/src/main/index.ts": {"path":"/Users/berkemusellim/Downloads/sonarqube-25.6.0.109173/bin/macosx-universal-64/rug-swe25/backend/src/main/index.ts","statementMap":{"0":{"start":{"line":33,"column":0},"end":{"line":33,"column":16}},"1":{"start":{"line":9,"column":0},"end":{"line":9,"column":86}},"2":{"start":{"line":10,"column":0},"end":{"line":10,"column":51}},"3":{"start":{"line":14,"column":0},"end":{"line":14,"column":75}},"4":{"start":{"line":25,"column":20},"end":{"line":30,"column":2}},"5":{"start":{"line":34,"column":2},"end":{"line":36,"column":5}},"6":{"start":{"line":40,"column":0},"end":{"line":120,"column":2}},"7":{"start":{"line":43,"column":4},"end":{"line":45,"column":5}},"8":{"start":{"line":44,"column":6},"end":{"line":44,"column":36}},"9":{"start":{"line":47,"column":4},"end":{"line":118,"column":5}},"10":{"start":{"line":49,"column":18},"end":{"line":49,"column":38}},"11":{"start":{"line":50,"column":25},"end":{"line":50,"column":54}},"12":{"start":{"line":53,"column":20},"end":{"line":53,"column":87}},"13":{"start":{"line":56,"column":6},"end":{"line":66,"column":7}},"14":{"start":{"line":57,"column":8},"end":{"line":65,"column":11}},"15":{"start":{"line":69,"column":27},"end":{"line":69,"column":62}},"16":{"start":{"line":72,"column":27},"end":{"line":72,"column":55}},"17":{"start":{"line":75,"column":21},"end":{"line":75,"column":55}},"18":{"start":{"line":77,"column":6},"end":{"line":79,"column":7}},"19":{"start":{"line":78,"column":8},"end":{"line":78,"column":117}},"20":{"start":{"line":82,"column":31},"end":{"line":85,"column":8}},"21":{"start":{"line":88,"column":28},"end":{"line":88,"column":92}},"22":{"start":{"line":91,"column":30},"end":{"line":91,"column":81}},"23":{"start":{"line":91,"column":56},"end":{"line":91,"column":80}},"24":{"start":{"line":94,"column":6},"end":{"line":105,"column":9}},"25":{"start":{"line":107,"column":6},"end":{"line":107,"column":56}},"26":{"start":{"line":108,"column":6},"end":{"line":117,"column":9}}},"fnMap":{"0":{"name":"handleOptions","decl":{"start":{"line":33,"column":16},"end":{"line":33,"column":29}},"loc":{"start":{"line":33,"column":46},"end":{"line":37,"column":1}}},"1":{"name":"(anonymous_1)","decl":{"start":{"line":41,"column":2},"end":{"line":41,"column":7}},"loc":{"start":{"line":41,"column":63},"end":{"line":119,"column":3}}},"2":{"name":"(anonymous_2)","decl":{"start":{"line":91,"column":48},"end":{"line":91,"column":52}},"loc":{"start":{"line":91,"column":56},"end":{"line":91,"column":80}}}},"branchMap":{"0":{"loc":{"start":{"line":43,"column":4},"end":{"line":45,"column":5}},"type":"if","locations":[{"start":{"line":43,"column":4},"end":{"line":45,"column":5}}]},"1":{"loc":{"start":{"line":53,"column":20},"end":{"line":53,"column":87}},"type":"cond-expr","locations":[{"start":{"line":53,"column":33},"end":{"line":53,"column":57}},{"start":{"line":53,"column":60},"end":{"line":53,"column":87}}]},"2":{"loc":{"start":{"line":56,"column":6},"end":{"line":66,"column":7}},"type":"if","locations":[{"start":{"line":56,"column":6},"end":{"line":66,"column":7}}]},"3":{"loc":{"start":{"line":56,"column":10},"end":{"line":56,"column":35}},"type":"binary-expr","locations":[{"start":{"line":56,"column":10},"end":{"line":56,"column":22}},{"start":{"line":56,"column":26},"end":{"line":56,"column":35}}]},"4":{"loc":{"start":{"line":75,"column":21},"end":{"line":75,"column":55}},"type":"binary-expr","locations":[{"start":{"line":75,"column":21},"end":{"line":75,"column":36}},{"start":{"line":75,"column":40},"end":{"line":75,"column":55}}]},"5":{"loc":{"start":{"line":77,"column":6},"end":{"line":79,"column":7}},"type":"if","locations":[{"start":{"line":77,"column":6},"end":{"line":79,"column":7}}]},"6":{"loc":{"start":{"line":110,"column":15},"end":{"line":110,"column":83}},"type":"cond-expr","locations":[{"start":{"line":110,"column":40},"end":{"line":110,"column":53}},{"start":{"line":110,"column":56},"end":{"line":110,"column":83}}]}},"s":{"0":1,"1":1,"2":1,"3":1,"4":1,"5":1,"6":1,"7":11,"8":0,"9":11,"10":11,"11":11,"12":11,"13":11,"14":4,"15":7,"16":5,"17":5,"18":5,"19":0,"20":5,"21":5,"22":5,"23":8,"24":5,"25":2,"26":2},"f":{"0":1,"1":11,"2":8},"b":{"0":[0],"1":[5,6],"2":[4],"3":[11,9],"4":[5,1],"5":[0],"6":[1,1]}}
,"/Users/berkemusellim/Downloads/sonarqube-25.6.0.109173/bin/macosx-universal-64/rug-swe25/backend/src/main/service.ts": {"path":"/Users/berkemusellim/Downloads/sonarqube-25.6.0.109173/bin/macosx-universal-64/rug-swe25/backend/src/main/service.ts","statementMap":{"0":{"start":{"line":21,"column":0},"end":{"line":21,"column":7}},"1":{"start":{"line":81,"column":0},"end":{"line":81,"column":7}},"2":{"start":{"line":147,"column":0},"end":{"line":147,"column":16}},"3":{"start":{"line":4,"column":0},"end":{"line":4,"column":128}},"4":{"start":{"line":5,"column":0},"end":{"line":5,"column":56}},"5":{"start":{"line":7,"column":0},"end":{"line":7,"column":43}},"6":{"start":{"line":10,"column":26},"end":{"line":10,"column":68}},"7":{"start":{"line":22,"column":2},"end":{"line":68,"column":3}},"8":{"start":{"line":23,"column":4},"end":{"line":25,"column":5}},"9":{"start":{"line":24,"column":6},"end":{"line":24,"column":60}},"10":{"start":{"line":28,"column":24},"end":{"line":28,"column":59}},"11":{"start":{"line":31,"column":4},"end":{"line":36,"column":5}},"12":{"start":{"line":32,"column":6},"end":{"line":34,"column":7}},"13":{"start":{"line":33,"column":8},"end":{"line":33,"column":75}},"14":{"start":{"line":35,"column":6},"end":{"line":35,"column":25}},"15":{"start":{"line":39,"column":4},"end":{"line":41,"column":5}},"16":{"start":{"line":40,"column":6},"end":{"line":40,"column":77}},"17":{"start":{"line":43,"column":21},"end":{"line":47,"column":6}},"18":{"start":{"line":49,"column":4},"end":{"line":51,"column":5}},"19":{"start":{"line":50,"column":6},"end":{"line":50,"column":97}},"20":{"start":{"line":54,"column":17},"end":{"line":54,"column":69}},"21":{"start":{"line":56,"column":4},"end":{"line":58,"column":5}},"22":{"start":{"line":57,"column":6},"end":{"line":57,"column":79}},"23":{"start":{"line":61,"column":4},"end":{"line":61,"column":59}},"24":{"start":{"line":64,"column":4},"end":{"line":64,"column":29}},"25":{"start":{"line":66,"column":4},"end":{"line":66,"column":65}},"26":{"start":{"line":67,"column":4},"end":{"line":67,"column":121}},"27":{"start":{"line":85,"column":2},"end":{"line":87,"column":3}},"28":{"start":{"line":86,"column":4},"end":{"line":86,"column":79}},"29":{"start":{"line":90,"column":17},"end":{"line":90,"column":32}},"30":{"start":{"line":91,"column":2},"end":{"line":93,"column":3}},"31":{"start":{"line":92,"column":4},"end":{"line":92,"column":71}},"32":{"start":{"line":96,"column":2},"end":{"line":137,"column":6}},"33":{"start":{"line":98,"column":21},"end":{"line":98,"column":64}},"34":{"start":{"line":100,"column":4},"end":{"line":136,"column":5}},"35":{"start":{"line":102,"column":21},"end":{"line":102,"column":62}},"36":{"start":{"line":105,"column":6},"end":{"line":116,"column":7}},"37":{"start":{"line":106,"column":8},"end":{"line":108,"column":9}},"38":{"start":{"line":107,"column":10},"end":{"line":107,"column":83}},"39":{"start":{"line":110,"column":8},"end":{"line":110,"column":66}},"40":{"start":{"line":113,"column":8},"end":{"line":113,"column":89}},"41":{"start":{"line":114,"column":13},"end":{"line":116,"column":7}},"42":{"start":{"line":115,"column":8},"end":{"line":115,"column":55}},"43":{"start":{"line":119,"column":6},"end":{"line":122,"column":8}},"44":{"start":{"line":124,"column":6},"end":{"line":124,"column":71}},"45":{"start":{"line":127,"column":51},"end":{"line":130,"column":8}},"46":{"start":{"line":132,"column":6},"end":{"line":135,"column":8}},"47":{"start":{"line":148,"column":2},"end":{"line":160,"column":4}}},"fnMap":{"0":{"name":"fetchPopularRepositories","decl":{"start":{"line":21,"column":22},"end":{"line":21,"column":46}},"loc":{"start":{"line":21,"column":55},"end":{"line":69,"column":1}}},"1":{"name":"enhanceRepositoriesWithAnalysis","decl":{"start":{"line":81,"column":22},"end":{"line":81,"column":53}},"loc":{"start":{"line":83,"column":10},"end":{"line":138,"column":1}}},"2":{"name":"(anonymous_2)","decl":{"start":{"line":96,"column":44},"end":{"line":96,"column":49}},"loc":{"start":{"line":96,"column":59},"end":{"line":137,"column":3}}},"3":{"name":"formatRepositoryForLLM","decl":{"start":{"line":147,"column":16},"end":{"line":147,"column":38}},"loc":{"start":{"line":147,"column":55},"end":{"line":161,"column":1}}}},"branchMap":{"0":{"loc":{"start":{"line":23,"column":4},"end":{"line":25,"column":5}},"type":"if","locations":[{"start":{"line":23,"column":4},"end":{"line":25,"column":5}}]},"1":{"loc":{"start":{"line":31,"column":4},"end":{"line":36,"column":5}},"type":"if","locations":[{"start":{"line":31,"column":4},"end":{"line":36,"column":5}}]},"2":{"loc":{"start":{"line":32,"column":6},"end":{"line":34,"column":7}},"type":"if","locations":[{"start":{"line":32,"column":6},"end":{"line":34,"column":7}}]},"3":{"loc":{"start":{"line":39,"column":4},"end":{"line":41,"column":5}},"type":"if","locations":[{"start":{"line":39,"column":4},"end":{"line":41,"column":5}}]},"4":{"loc":{"start":{"line":49,"column":4},"end":{"line":51,"column":5}},"type":"if","locations":[{"start":{"line":49,"column":4},"end":{"line":51,"column":5}}]},"5":{"loc":{"start":{"line":56,"column":4},"end":{"line":58,"column":5}},"type":"if","locations":[{"start":{"line":56,"column":4},"end":{"line":58,"column":5}}]},"6":{"loc":{"start":{"line":67,"column":61},"end":{"line":67,"column":117}},"type":"cond-expr","locations":[{"start":{"line":67,"column":86},"end":{"line":67,"column":99}},{"start":{"line":67,"column":102},"end":{"line":67,"column":117}}]},"7":{"loc":{"start":{"line":85,"column":2},"end":{"line":87,"column":3}},"type":"if","locations":[{"start":{"line":85,"column":2},"end":{"line":87,"column":3}}]},"8":{"loc":{"start":{"line":91,"column":2},"end":{"line":93,"column":3}},"type":"if","locations":[{"start":{"line":91,"column":2},"end":{"line":93,"column":3}}]},"9":{"loc":{"start":{"line":105,"column":6},"end":{"line":116,"column":7}},"type":"if","locations":[{"start":{"line":105,"column":6},"end":{"line":116,"column":7}},{"start":{"line":114,"column":13},"end":{"line":116,"column":7}}]},"10":{"loc":{"start":{"line":106,"column":8},"end":{"line":108,"column":9}},"type":"if","locations":[{"start":{"line":106,"column":8},"end":{"line":108,"column":9}}]},"11":{"loc":{"start":{"line":114,"column":13},"end":{"line":116,"column":7}},"type":"if","locations":[{"start":{"line":114,"column":13},"end":{"line":116,"column":7}}]},"12":{"loc":{"start":{"line":151,"column":15},"end":{"line":151,"column":60}},"type":"binary-expr","locations":[{"start":{"line":151,"column":15},"end":{"line":151,"column":31}},{"start":{"line":151,"column":35},"end":{"line":151,"column":60}}]},"13":{"loc":{"start":{"line":152,"column":12},"end":{"line":152,"column":44}},"type":"binary-expr","locations":[{"start":{"line":152,"column":12},"end":{"line":152,"column":25}},{"start":{"line":152,"column":29},"end":{"line":152,"column":44}}]},"14":{"loc":{"start":{"line":156,"column":2},"end":{"line":156,"column":34}},"type":"binary-expr","locations":[{"start":{"line":156,"column":2},"end":{"line":156,"column":13}},{"start":{"line":156,"column":17},"end":{"line":156,"column":34}}]},"15":{"loc":{"start":{"line":159,"column":2},"end":{"line":159,"column":39}},"type":"binary-expr","locations":[{"start":{"line":159,"column":2},"end":{"line":159,"column":11}},{"start":{"line":159,"column":15},"end":{"line":159,"column":39}}]}},"s":{"0":1,"1":1,"2":1,"3":1,"4":1,"5":1,"6":1,"7":6,"8":6,"9":0,"10":6,"11":5,"12":1,"13":0,"14":1,"15":4,"16":0,"17":4,"18":2,"19":1,"20":1,"21":1,"22":0,"23":1,"24":1,"25":4,"26":4,"27":6,"28":0,"29":6,"30":6,"31":1,"32":5,"33":7,"34":7,"35":7,"36":7,"37":3,"38":0,"39":3,"40":2,"41":4,"42":0,"43":6,"44":1,"45":1,"46":1,"47":5},"f":{"0":6,"1":6,"2":7,"3":5},"b":{"0":[0],"1":[1],"2":[0],"3":[0],"4":[1],"5":[0],"6":[3,1],"7":[0],"8":[1],"9":[3,4],"10":[0],"11":[0],"12":[5,2],"13":[5,2],"14":[5,2],"15":[5,3]}}
,"/Users/berkemusellim/Downloads/sonarqube-25.6.0.109173/bin/macosx-universal-64/rug-swe25/backend/src/main/transformer.ts": {"path":"/Users/berkemusellim/Downloads/sonarqube-25.6.0.109173/bin/macosx-universal-64/rug-swe25/backend/src/main/transformer.ts","statementMap":{"0":{"start":{"line":11,"column":0},"end":{"line":11,"column":16}},"1":{"start":{"line":13,"column":25},"end":{"line":13,"column":27}},"2":{"start":{"line":14,"column":2},"end":{"line":21,"column":3}},"3":{"start":{"line":15,"column":4},"end":{"line":20,"column":5}},"4":{"start":{"line":16,"column":6},"end":{"line":16,"column":27}},"5":{"start":{"line":19,"column":6},"end":{"line":19,"column":85}},"6":{"start":{"line":19,"column":58},"end":{"line":19,"column":83}},"7":{"start":{"line":24,"column":16},"end":{"line":28,"column":4}},"8":{"start":{"line":31,"column":18},"end":{"line":33,"column":10}},"9":{"start":{"line":36,"column":2},"end":{"line":51,"column":4}}},"fnMap":{"0":{"name":"simplifyRepository","decl":{"start":{"line":11,"column":16},"end":{"line":11,"column":34}},"loc":{"start":{"line":11,"column":59},"end":{"line":52,"column":1}}},"1":{"name":"(anonymous_1)","decl":{"start":{"line":19,"column":49},"end":{"line":19,"column":54}},"loc":{"start":{"line":19,"column":58},"end":{"line":19,"column":83}}}},"branchMap":{"0":{"loc":{"start":{"line":14,"column":2},"end":{"line":21,"column":3}},"type":"if","locations":[{"start":{"line":14,"column":2},"end":{"line":21,"column":3}}]},"1":{"loc":{"start":{"line":15,"column":4},"end":{"line":20,"column":5}},"type":"if","locations":[{"start":{"line":15,"column":4},"end":{"line":20,"column":5}},{"start":{"line":17,"column":11},"end":{"line":20,"column":5}}]},"2":{"loc":{"start":{"line":25,"column":11},"end":{"line":25,"column":34}},"type":"binary-expr","locations":[{"start":{"line":25,"column":11},"end":{"line":25,"column":28}},{"start":{"line":25,"column":32},"end":{"line":25,"column":34}}]},"3":{"loc":{"start":{"line":26,"column":16},"end":{"line":26,"column":44}},"type":"binary-expr","locations":[{"start":{"line":26,"column":16},"end":{"line":26,"column":38}},{"start":{"line":26,"column":42},"end":{"line":26,"column":44}}]},"4":{"loc":{"start":{"line":27,"column":10},"end":{"line":27,"column":32}},"type":"binary-expr","locations":[{"start":{"line":27,"column":10},"end":{"line":27,"column":26}},{"start":{"line":27,"column":30},"end":{"line":27,"column":32}}]},"5":{"loc":{"start":{"line":31,"column":18},"end":{"line":33,"column":10}},"type":"cond-expr","locations":[{"start":{"line":31,"column":33},"end":{"line":33,"column":4}},{"start":{"line":33,"column":6},"end":{"line":33,"column":10}}]},"6":{"loc":{"start":{"line":32,"column":10},"end":{"line":32,"column":33}},"type":"binary-expr","locations":[{"start":{"line":32,"column":10},"end":{"line":32,"column":27}},{"start":{"line":32,"column":31},"end":{"line":32,"column":33}}]},"7":{"loc":{"start":{"line":41,"column":14},"end":{"line":41,"column":35}},"type":"binary-expr","locations":[{"start":{"line":41,"column":14},"end":{"line":41,"column":27}},{"start":{"line":41,"column":31},"end":{"line":41,"column":35}}]},"8":{"loc":{"start":{"line":45,"column":17},"end":{"line":45,"column":38}},"type":"binary-expr","locations":[{"start":{"line":45,"column":17},"end":{"line":45,"column":33}},{"start":{"line":45,"column":37},"end":{"line":45,"column":38}}]}},"s":{"0":1,"1":16,"2":16,"3":5,"4":3,"5":2,"6":10,"7":16,"8":16,"9":16},"f":{"0":16,"1":10},"b":{"0":[5],"1":[3,2],"2":[16,14],"3":[16,15],"4":[16,15],"5":[2,14],"6":[2,1],"7":[16,15],"8":[16,15]}}
}
