TN:
SF:src/cache/cache.ts
FN:22,getAnalysisFromCache
FN:64,storeAnalysisInCache
FN:100,getPopularReposFromCache
FN:150,storePopularReposInCache
FN:194,shouldRefreshCache
FN:242,hasRefreshedToday
FN:303,invalidateCacheEntry
FN:332,generateCacheKey
FNF:8
FNH:8
FNDA:5,getAnalysisFromCache
FNDA:4,storeAnalysisInCache
FNDA:6,getPopularReposFromCache
FNDA:3,storePopularReposInCache
FNDA:5,shouldRefreshCache
FNDA:3,hasRefreshedToday
FNDA:3,invalidateCacheEntry
FNDA:3,generateCacheKey
DA:5,1
DA:8,1
DA:22,1
DA:26,5
DA:28,5
DA:29,1
DA:30,0
DA:32,1
DA:36,4
DA:39,3
DA:40,2
DA:41,0
DA:43,2
DA:47,1
DA:48,0
DA:50,1
DA:52,2
DA:53,2
DA:64,1
DA:70,4
DA:72,4
DA:73,1
DA:74,0
DA:76,1
DA:80,3
DA:86,2
DA:87,0
DA:90,1
DA:100,1
DA:103,6
DA:105,6
DA:106,1
DA:107,0
DA:109,1
DA:113,5
DA:116,5
DA:117,2
DA:118,0
DA:120,2
DA:124,3
DA:127,3
DA:128,3
DA:129,0
DA:131,3
DA:135,0
DA:136,0
DA:138,0
DA:140,0
DA:141,0
DA:150,1
DA:154,3
DA:156,3
DA:157,1
DA:158,0
DA:160,1
DA:164,2
DA:167,2
DA:173,1
DA:174,0
DA:178,1
DA:184,1
DA:195,5
DA:196,5
DA:197,5
DA:200,5
DA:201,5
DA:204,5
DA:207,5
DA:210,5
DA:212,5
DA:213,0
DA:214,0
DA:215,0
DA:219,5
DA:220,2
DA:224,3
DA:227,3
DA:229,3
DA:230,0
DA:231,0
DA:234,3
DA:243,3
DA:245,3
DA:246,0
DA:250,3
DA:253,3
DA:256,3
DA:257,2
DA:258,0
DA:260,2
DA:264,1
DA:265,1
DA:269,1
DA:274,1
DA:275,1
DA:278,1
DA:282,1
DA:284,1
DA:285,0
DA:286,0
DA:287,0
DA:290,1
DA:293,0
DA:294,0
DA:303,1
DA:307,3
DA:309,3
DA:310,1
DA:311,0
DA:313,1
DA:316,2
DA:318,1
DA:319,0
DA:322,1
DA:332,1
DA:333,3
LF:116
LH:87
BRDA:10,0,0,1
BRDA:10,0,1,0
BRDA:13,1,0,1
BRDA:13,1,1,0
BRDA:28,2,0,1
BRDA:29,3,0,0
BRDA:39,4,0,2
BRDA:40,5,0,0
BRDA:47,6,0,0
BRDA:68,7,0,3
BRDA:72,8,0,1
BRDA:73,9,0,0
BRDA:86,10,0,0
BRDA:105,11,0,1
BRDA:106,12,0,0
BRDA:116,13,0,2
BRDA:117,14,0,0
BRDA:127,15,0,3
BRDA:128,16,0,0
BRDA:135,17,0,0
BRDA:156,18,0,1
BRDA:157,19,0,0
BRDA:173,20,0,0
BRDA:204,21,0,5
BRDA:204,21,1,0
BRDA:210,22,0,5
BRDA:210,22,1,5
BRDA:212,23,0,0
BRDA:219,24,0,2
BRDA:227,25,0,3
BRDA:227,25,1,3
BRDA:229,26,0,0
BRDA:245,27,0,0
BRDA:256,28,0,2
BRDA:257,29,0,0
BRDA:269,30,0,1
BRDA:269,30,1,1
BRDA:269,30,2,1
BRDA:278,31,0,1
BRDA:278,31,1,0
BRDA:278,31,2,0
BRDA:282,32,0,1
BRDA:282,32,1,1
BRDA:284,33,0,0
BRDA:309,34,0,1
BRDA:310,35,0,0
BRDA:318,36,0,0
BRF:47
BRH:24
end_of_record
TN:
SF:src/llm/llm.ts
FN:59,generateRepositoryAnalysis
FN:92,callDeepseekAPI
FN:149,(anonymous_2)
FN:165,truncateInput
FN:186,parseAnalysisResult
FNF:5
FNH:5
FNDA:3,generateRepositoryAnalysis
FNDA:8,callDeepseekAPI
FNDA:10,(anonymous_2)
FNDA:11,truncateInput
FNDA:10,parseAnalysisResult
DA:4,1
DA:10,1
DA:59,1
DA:63,3
DA:65,3
DA:68,3
DA:71,2
DA:73,1
DA:75,1
DA:92,1
DA:97,8
DA:99,8
DA:102,8
DA:103,8
DA:105,8
DA:106,18
DA:107,18
DA:129,9
DA:130,4
DA:131,4
DA:135,5
DA:138,5
DA:140,13
DA:143,13
DA:144,3
DA:148,10
DA:149,10
DA:152,10
DA:165,1
DA:167,11
DA:169,11
DA:170,9
DA:174,2
DA:175,2
DA:186,1
DA:187,10
DA:189,10
DA:191,7
DA:194,7
DA:195,7
DA:197,7
LF:41
LH:41
BRDA:129,0,0,4
BRDA:143,1,0,3
BRDA:169,2,0,9
BRDA:198,3,0,4
BRDA:198,3,1,3
BRDA:199,4,0,3
BRDA:199,4,1,4
BRF:7
BRH:7
end_of_record
TN:
SF:src/main/index.ts
FN:33,handleOptions
FN:41,(anonymous_1)
FN:91,(anonymous_2)
FNF:3
FNH:3
FNDA:1,handleOptions
FNDA:11,(anonymous_1)
FNDA:8,(anonymous_2)
DA:9,1
DA:10,1
DA:14,1
DA:25,1
DA:33,1
DA:34,1
DA:40,1
DA:43,11
DA:44,0
DA:47,11
DA:49,11
DA:50,11
DA:53,11
DA:56,11
DA:57,4
DA:69,7
DA:72,5
DA:75,5
DA:77,5
DA:78,0
DA:82,5
DA:88,5
DA:91,8
DA:94,5
DA:107,2
DA:108,2
LF:26
LH:24
BRDA:43,0,0,0
BRDA:53,1,0,5
BRDA:53,1,1,6
BRDA:56,2,0,4
BRDA:56,3,0,11
BRDA:56,3,1,9
BRDA:75,4,0,5
BRDA:75,4,1,1
BRDA:77,5,0,0
BRDA:110,6,0,1
BRDA:110,6,1,1
BRF:11
BRH:9
end_of_record
TN:
SF:src/main/service.ts
FN:21,fetchPopularRepositories
FN:81,enhanceRepositoriesWithAnalysis
FN:96,(anonymous_2)
FN:147,formatRepositoryForLLM
FNF:4
FNH:4
FNDA:6,fetchPopularRepositories
FNDA:6,enhanceRepositoriesWithAnalysis
FNDA:7,(anonymous_2)
FNDA:5,formatRepositoryForLLM
DA:4,1
DA:5,1
DA:7,1
DA:10,1
DA:21,1
DA:22,6
DA:23,6
DA:24,0
DA:28,6
DA:31,5
DA:32,1
DA:33,0
DA:35,1
DA:39,4
DA:40,0
DA:43,4
DA:49,2
DA:50,1
DA:54,1
DA:56,1
DA:57,0
DA:61,1
DA:64,1
DA:66,4
DA:67,4
DA:81,1
DA:85,6
DA:86,0
DA:90,6
DA:91,6
DA:92,1
DA:96,5
DA:98,7
DA:100,7
DA:102,7
DA:105,7
DA:106,3
DA:107,0
DA:110,3
DA:113,2
DA:114,4
DA:115,0
DA:119,6
DA:124,1
DA:127,1
DA:132,1
DA:147,1
DA:148,5
LF:48
LH:41
BRDA:23,0,0,0
BRDA:31,1,0,1
BRDA:32,2,0,0
BRDA:39,3,0,0
BRDA:49,4,0,1
BRDA:56,5,0,0
BRDA:67,6,0,3
BRDA:67,6,1,1
BRDA:85,7,0,0
BRDA:91,8,0,1
BRDA:105,9,0,3
BRDA:105,9,1,4
BRDA:106,10,0,0
BRDA:114,11,0,0
BRDA:151,12,0,5
BRDA:151,12,1,2
BRDA:152,13,0,5
BRDA:152,13,1,2
BRDA:156,14,0,5
BRDA:156,14,1,2
BRDA:159,15,0,5
BRDA:159,15,1,3
BRF:22
BRH:15
end_of_record
TN:
SF:src/main/transformer.ts
FN:11,simplifyRepository
FN:19,(anonymous_1)
FNF:2
FNH:2
FNDA:16,simplifyRepository
FNDA:10,(anonymous_1)
DA:11,1
DA:13,16
DA:14,16
DA:15,5
DA:16,3
DA:19,10
DA:24,16
DA:31,16
DA:36,16
LF:9
LH:9
BRDA:14,0,0,5
BRDA:15,1,0,3
BRDA:15,1,1,2
BRDA:25,2,0,16
BRDA:25,2,1,14
BRDA:26,3,0,16
BRDA:26,3,1,15
BRDA:27,4,0,16
BRDA:27,4,1,15
BRDA:31,5,0,2
BRDA:31,5,1,14
BRDA:32,6,0,2
BRDA:32,6,1,1
BRDA:41,7,0,16
BRDA:41,7,1,15
BRDA:45,8,0,16
BRDA:45,8,1,15
BRF:17
BRH:17
end_of_record
