{"/Users/berkemusellim/Downloads/sonarqube-25.6.0.109173/bin/macosx-universal-64/rug-swe25/pager/src/index.ts": {"path":"/Users/berkemusellim/Downloads/sonarqube-25.6.0.109173/bin/macosx-universal-64/rug-swe25/pager/src/index.ts","statementMap":{"0":{"start":{"line":3,"column":0},"end":{"line":3,"column":24}},"1":{"start":{"line":4,"column":0},"end":{"line":4,"column":32}},"2":{"start":{"line":15,"column":35},"end":{"line":15,"column":91}},"3":{"start":{"line":16,"column":41},"end":{"line":16,"column":103}},"4":{"start":{"line":17,"column":26},"end":{"line":17,"column":73}},"5":{"start":{"line":18,"column":27},"end":{"line":18,"column":61}},"6":{"start":{"line":21,"column":15},"end":{"line":21,"column":36}},"7":{"start":{"line":24,"column":2},"end":{"line":27,"column":3}},"8":{"start":{"line":25,"column":4},"end":{"line":25,"column":16}},"9":{"start":{"line":26,"column":4},"end":{"line":26,"column":11}},"10":{"start":{"line":30,"column":26},"end":{"line":30,"column":50}},"11":{"start":{"line":31,"column":32},"end":{"line":31,"column":62}},"12":{"start":{"line":32,"column":17},"end":{"line":32,"column":32}},"13":{"start":{"line":33,"column":18},"end":{"line":33,"column":34}},"14":{"start":{"line":35,"column":2},"end":{"line":65,"column":3}},"15":{"start":{"line":35,"column":15},"end":{"line":35,"column":16}},"16":{"start":{"line":36,"column":17},"end":{"line":36,"column":24}},"17":{"start":{"line":37,"column":18},"end":{"line":37,"column":29}},"18":{"start":{"line":39,"column":4},"end":{"line":42,"column":5}},"19":{"start":{"line":40,"column":6},"end":{"line":40,"column":49}},"20":{"start":{"line":41,"column":6},"end":{"line":41,"column":22}},"21":{"start":{"line":44,"column":4},"end":{"line":64,"column":5}},"22":{"start":{"line":47,"column":8},"end":{"line":47,"column":34}},"23":{"start":{"line":48,"column":8},"end":{"line":48,"column":14}},"24":{"start":{"line":51,"column":8},"end":{"line":51,"column":40}},"25":{"start":{"line":52,"column":8},"end":{"line":52,"column":14}},"26":{"start":{"line":55,"column":8},"end":{"line":55,"column":25}},"27":{"start":{"line":56,"column":8},"end":{"line":56,"column":14}},"28":{"start":{"line":59,"column":8},"end":{"line":59,"column":26}},"29":{"start":{"line":60,"column":8},"end":{"line":60,"column":14}},"30":{"start":{"line":62,"column":8},"end":{"line":62,"column":47}},"31":{"start":{"line":63,"column":8},"end":{"line":63,"column":24}},"32":{"start":{"line":68,"column":2},"end":{"line":74,"column":3}},"33":{"start":{"line":69,"column":18},"end":{"line":69,"column":92}},"34":{"start":{"line":70,"column":4},"end":{"line":70,"column":29}},"35":{"start":{"line":72,"column":4},"end":{"line":72,"column":52}},"36":{"start":{"line":73,"column":4},"end":{"line":73,"column":20}},"37":{"start":{"line":84,"column":2},"end":{"line":99,"column":5}},"38":{"start":{"line":103,"column":0},"end":{"line":103,"column":7}}},"fnMap":{"0":{"name":"main","decl":{"start":{"line":13,"column":9},"end":{"line":13,"column":13}},"loc":{"start":{"line":13,"column":13},"end":{"line":75,"column":1}}},"1":{"name":"printHelp","decl":{"start":{"line":83,"column":9},"end":{"line":83,"column":18}},"loc":{"start":{"line":83,"column":18},"end":{"line":100,"column":1}}}},"branchMap":{"0":{"loc":{"start":{"line":24,"column":2},"end":{"line":27,"column":3}},"type":"if","locations":[{"start":{"line":24,"column":2},"end":{"line":27,"column":3}}]},"1":{"loc":{"start":{"line":24,"column":6},"end":{"line":24,"column":52}},"type":"binary-expr","locations":[{"start":{"line":24,"column":6},"end":{"line":24,"column":29}},{"start":{"line":24,"column":33},"end":{"line":24,"column":52}}]},"2":{"loc":{"start":{"line":39,"column":4},"end":{"line":42,"column":5}},"type":"if","locations":[{"start":{"line":39,"column":4},"end":{"line":42,"column":5}}]},"3":{"loc":{"start":{"line":44,"column":4},"end":{"line":64,"column":5}},"type":"switch","locations":[{"start":{"line":45,"column":6},"end":{"line":45,"column":30}},{"start":{"line":46,"column":6},"end":{"line":48,"column":14}},{"start":{"line":49,"column":6},"end":{"line":49,"column":36}},{"start":{"line":50,"column":6},"end":{"line":52,"column":14}},{"start":{"line":53,"column":6},"end":{"line":53,"column":20}},{"start":{"line":54,"column":6},"end":{"line":56,"column":14}},{"start":{"line":57,"column":6},"end":{"line":57,"column":22}},{"start":{"line":58,"column":6},"end":{"line":60,"column":14}},{"start":{"line":61,"column":6},"end":{"line":63,"column":24}}]}},"s":{"0":0,"1":0,"2":0,"3":0,"4":0,"5":0,"6":0,"7":0,"8":0,"9":0,"10":0,"11":0,"12":0,"13":0,"14":0,"15":0,"16":0,"17":0,"18":0,"19":0,"20":0,"21":0,"22":0,"23":0,"24":0,"25":0,"26":0,"27":0,"28":0,"29":0,"30":0,"31":0,"32":0,"33":0,"34":0,"35":0,"36":0,"37":0,"38":0},"f":{"0":0,"1":0},"b":{"0":[0],"1":[0,0],"2":[0],"3":[0,0,0,0,0,0,0,0,0]}}
,"/Users/berkemusellim/Downloads/sonarqube-25.6.0.109173/bin/macosx-universal-64/rug-swe25/pager/src/pager.ts": {"path":"/Users/berkemusellim/Downloads/sonarqube-25.6.0.109173/bin/macosx-universal-64/rug-swe25/pager/src/pager.ts","statementMap":{"0":{"start":{"line":1,"column":0},"end":{"line":1,"column":20}},"1":{"start":{"line":2,"column":0},"end":{"line":2,"column":24}},"2":{"start":{"line":28,"column":4},"end":{"line":28,"column":68}},"3":{"start":{"line":29,"column":4},"end":{"line":29,"column":80}},"4":{"start":{"line":30,"column":4},"end":{"line":30,"column":80}},"5":{"start":{"line":31,"column":4},"end":{"line":31,"column":31}},"6":{"start":{"line":34,"column":4},"end":{"line":36,"column":5}},"7":{"start":{"line":35,"column":6},"end":{"line":35,"column":51}},"8":{"start":{"line":43,"column":4},"end":{"line":43,"column":29}},"9":{"start":{"line":44,"column":4},"end":{"line":44,"column":36}},"10":{"start":{"line":45,"column":4},"end":{"line":45,"column":53}},"11":{"start":{"line":52,"column":27},"end":{"line":52,"column":56}},"12":{"start":{"line":53,"column":22},"end":{"line":53,"column":99}},"13":{"start":{"line":55,"column":23},"end":{"line":55,"column":62}},"14":{"start":{"line":56,"column":4},"end":{"line":56,"column":44}},"15":{"start":{"line":58,"column":4},"end":{"line":58,"column":58}},"16":{"start":{"line":65,"column":4},"end":{"line":93,"column":18}},"17":{"start":{"line":66,"column":32},"end":{"line":73,"column":19}},"18":{"start":{"line":66,"column":74},"end":{"line":73,"column":8}},"19":{"start":{"line":75,"column":6},"end":{"line":92,"column":8}},"20":{"start":{"line":100,"column":4},"end":{"line":104,"column":5}},"21":{"start":{"line":101,"column":6},"end":{"line":103,"column":7}},"22":{"start":{"line":102,"column":8},"end":{"line":102,"column":60}},"23":{"start":{"line":113,"column":26},"end":{"line":113,"column":50}},"24":{"start":{"line":116,"column":4},"end":{"line":121,"column":58}},"25":{"start":{"line":124,"column":27},"end":{"line":124,"column":84}},"26":{"start":{"line":125,"column":4},"end":{"line":127,"column":5}},"27":{"start":{"line":126,"column":6},"end":{"line":126,"column":56}},"28":{"start":{"line":130,"column":23},"end":{"line":130,"column":76}},"29":{"start":{"line":131,"column":4},"end":{"line":131,"column":50}},"30":{"start":{"line":133,"column":4},"end":{"line":133,"column":64}},"31":{"start":{"line":9,"column":0},"end":{"line":9,"column":13}}},"fnMap":{"0":{"name":"(anonymous_1)","decl":{"start":{"line":22,"column":2},"end":{"line":22,"column":null}},"loc":{"start":{"line":26,"column":21},"end":{"line":37,"column":3}}},"1":{"name":"(anonymous_2)","decl":{"start":{"line":42,"column":9},"end":{"line":42,"column":25}},"loc":{"start":{"line":42,"column":25},"end":{"line":46,"column":3}}},"2":{"name":"(anonymous_3)","decl":{"start":{"line":51,"column":10},"end":{"line":51,"column":27}},"loc":{"start":{"line":51,"column":27},"end":{"line":59,"column":3}}},"3":{"name":"(anonymous_4)","decl":{"start":{"line":64,"column":10},"end":{"line":64,"column":32}},"loc":{"start":{"line":64,"column":32},"end":{"line":94,"column":3}}},"4":{"name":"(anonymous_5)","decl":{"start":{"line":65,"column":36},"end":{"line":65,"column":44}},"loc":{"start":{"line":65,"column":47},"end":{"line":93,"column":5}}},"5":{"name":"(anonymous_6)","decl":{"start":{"line":66,"column":59},"end":{"line":66,"column":70}},"loc":{"start":{"line":66,"column":74},"end":{"line":73,"column":8}}},"6":{"name":"(anonymous_7)","decl":{"start":{"line":99,"column":10},"end":{"line":99,"column":34}},"loc":{"start":{"line":99,"column":34},"end":{"line":105,"column":3}}},"7":{"name":"(anonymous_8)","decl":{"start":{"line":112,"column":10},"end":{"line":112,"column":33}},"loc":{"start":{"line":112,"column":78},"end":{"line":134,"column":3}}}},"branchMap":{"0":{"loc":{"start":{"line":34,"column":4},"end":{"line":36,"column":5}},"type":"if","locations":[{"start":{"line":34,"column":4},"end":{"line":36,"column":5}}]},"1":{"loc":{"start":{"line":125,"column":4},"end":{"line":127,"column":5}},"type":"if","locations":[{"start":{"line":125,"column":4},"end":{"line":127,"column":5}}]}},"s":{"0":1,"1":1,"2":7,"3":7,"4":7,"5":7,"6":7,"7":2,"8":5,"9":5,"10":5,"11":5,"12":5,"13":5,"14":5,"15":5,"16":5,"17":10,"18":15,"19":10,"20":5,"21":10,"22":15,"23":15,"24":15,"25":15,"26":15,"27":3,"28":15,"29":15,"30":15,"31":1},"f":{"0":7,"1":5,"2":5,"3":5,"4":10,"5":15,"6":5,"7":15},"b":{"0":[2],"1":[3]}}
,"/Users/berkemusellim/Downloads/sonarqube-25.6.0.109173/bin/macosx-universal-64/rug-swe25/pager/src/upload.ts": {"path":"/Users/berkemusellim/Downloads/sonarqube-25.6.0.109173/bin/macosx-universal-64/rug-swe25/pager/src/upload.ts","statementMap":{"0":{"start":{"line":1,"column":0},"end":{"line":1,"column":20}},"1":{"start":{"line":2,"column":0},"end":{"line":2,"column":24}},"2":{"start":{"line":3,"column":0},"end":{"line":3,"column":37}},"3":{"start":{"line":4,"column":0},"end":{"line":4,"column":25}},"4":{"start":{"line":7,"column":15},"end":{"line":25,"column":2}},"5":{"start":{"line":37,"column":2},"end":{"line":104,"column":5}},"6":{"start":{"line":39,"column":20},"end":{"line":39,"column":76}},"7":{"start":{"line":40,"column":25},"end":{"line":40,"column":68}},"8":{"start":{"line":43,"column":4},"end":{"line":43,"column":44}},"9":{"start":{"line":46,"column":24},"end":{"line":46,"column":75}},"10":{"start":{"line":49,"column":24},"end":{"line":49,"column":26}},"11":{"start":{"line":51,"column":4},"end":{"line":62,"column":5}},"12":{"start":{"line":52,"column":6},"end":{"line":52,"column":132}},"13":{"start":{"line":53,"column":11},"end":{"line":62,"column":5}},"14":{"start":{"line":54,"column":6},"end":{"line":57,"column":7}},"15":{"start":{"line":55,"column":8},"end":{"line":55,"column":115}},"16":{"start":{"line":56,"column":8},"end":{"line":56,"column":15}},"17":{"start":{"line":58,"column":6},"end":{"line":58,"column":124}},"18":{"start":{"line":60,"column":6},"end":{"line":60,"column":73}},"19":{"start":{"line":61,"column":6},"end":{"line":61,"column":13}},"20":{"start":{"line":65,"column":4},"end":{"line":103,"column":7}},"21":{"start":{"line":67,"column":6},"end":{"line":72,"column":7}},"22":{"start":{"line":68,"column":8},"end":{"line":68,"column":36}},"23":{"start":{"line":69,"column":8},"end":{"line":69,"column":30}},"24":{"start":{"line":71,"column":8},"end":{"line":71,"column":85}},"25":{"start":{"line":74,"column":6},"end":{"line":95,"column":7}},"26":{"start":{"line":75,"column":8},"end":{"line":75,"column":49}},"27":{"start":{"line":76,"column":8},"end":{"line":76,"column":60}},"28":{"start":{"line":77,"column":8},"end":{"line":77,"column":57}},"29":{"start":{"line":79,"column":8},"end":{"line":81,"column":9}},"30":{"start":{"line":80,"column":10},"end":{"line":80,"column":52}},"31":{"start":{"line":83,"column":8},"end":{"line":91,"column":9}},"32":{"start":{"line":84,"column":10},"end":{"line":84,"column":90}},"33":{"start":{"line":85,"column":10},"end":{"line":85,"column":43}},"34":{"start":{"line":86,"column":10},"end":{"line":86,"column":87}},"35":{"start":{"line":87,"column":10},"end":{"line":87,"column":27}},"36":{"start":{"line":88,"column":10},"end":{"line":88,"column":87}},"37":{"start":{"line":89,"column":10},"end":{"line":89,"column":57}},"38":{"start":{"line":90,"column":10},"end":{"line":90,"column":70}},"39":{"start":{"line":93,"column":8},"end":{"line":93,"column":22}},"40":{"start":{"line":94,"column":8},"end":{"line":94,"column":15}},"41":{"start":{"line":97,"column":6},"end":{"line":99,"column":7}},"42":{"start":{"line":98,"column":8},"end":{"line":98,"column":49}},"43":{"start":{"line":101,"column":6},"end":{"line":101,"column":56}},"44":{"start":{"line":102,"column":6},"end":{"line":102,"column":16}},"45":{"start":{"line":116,"column":2},"end":{"line":116,"column":63}},"46":{"start":{"line":117,"column":2},"end":{"line":117,"column":53}},"47":{"start":{"line":119,"column":2},"end":{"line":124,"column":3}},"48":{"start":{"line":120,"column":4},"end":{"line":120,"column":51}},"49":{"start":{"line":121,"column":4},"end":{"line":121,"column":78}},"50":{"start":{"line":123,"column":4},"end":{"line":123,"column":55}},"51":{"start":{"line":127,"column":2},"end":{"line":131,"column":3}},"52":{"start":{"line":128,"column":4},"end":{"line":128,"column":73}},"53":{"start":{"line":129,"column":4},"end":{"line":129,"column":61}},"54":{"start":{"line":130,"column":4},"end":{"line":130,"column":20}},"55":{"start":{"line":134,"column":16},"end":{"line":134,"column":86}},"56":{"start":{"line":134,"column":63},"end":{"line":134,"column":85}},"57":{"start":{"line":136,"column":2},"end":{"line":140,"column":3}},"58":{"start":{"line":137,"column":4},"end":{"line":137,"column":66}},"59":{"start":{"line":138,"column":4},"end":{"line":138,"column":61}},"60":{"start":{"line":139,"column":4},"end":{"line":139,"column":20}},"61":{"start":{"line":142,"column":2},"end":{"line":142,"column":61}},"62":{"start":{"line":145,"column":2},"end":{"line":155,"column":3}},"63":{"start":{"line":146,"column":21},"end":{"line":146,"column":53}},"64":{"start":{"line":147,"column":16},"end":{"line":147,"column":20}},"65":{"start":{"line":149,"column":4},"end":{"line":154,"column":5}},"66":{"start":{"line":150,"column":6},"end":{"line":150,"column":41}},"67":{"start":{"line":151,"column":6},"end":{"line":151,"column":38}},"68":{"start":{"line":153,"column":6},"end":{"line":153,"column":57}},"69":{"start":{"line":157,"column":2},"end":{"line":157,"column":45}},"70":{"start":{"line":161,"column":0},"end":{"line":164,"column":3}},"71":{"start":{"line":162,"column":2},"end":{"line":162,"column":44}},"72":{"start":{"line":163,"column":2},"end":{"line":163,"column":18}}},"fnMap":{"0":{"name":"uploadFile","decl":{"start":{"line":36,"column":9},"end":{"line":36,"column":19}},"loc":{"start":{"line":36,"column":49},"end":{"line":105,"column":1}}},"1":{"name":"(anonymous_11)","decl":{"start":{"line":37,"column":21},"end":{"line":37,"column":22}},"loc":{"start":{"line":37,"column":41},"end":{"line":104,"column":3}}},"2":{"name":"(anonymous_12)","decl":{"start":{"line":65,"column":24},"end":{"line":65,"column":25}},"loc":{"start":{"line":65,"column":50},"end":{"line":103,"column":5}}},"3":{"name":"uploadPages","decl":{"start":{"line":115,"column":15},"end":{"line":115,"column":26}},"loc":{"start":{"line":115,"column":26},"end":{"line":158,"column":1}}},"4":{"name":"(anonymous_14)","decl":{"start":{"line":134,"column":55},"end":{"line":134,"column":59}},"loc":{"start":{"line":134,"column":63},"end":{"line":134,"column":85}}},"5":{"name":"(anonymous_15)","decl":{"start":{"line":161,"column":20},"end":{"line":161,"column":25}},"loc":{"start":{"line":161,"column":28},"end":{"line":164,"column":1}}}},"branchMap":{"0":{"loc":{"start":{"line":9,"column":12},"end":{"line":9,"column":71}},"type":"binary-expr","locations":[{"start":{"line":9,"column":12},"end":{"line":9,"column":33}},{"start":{"line":9,"column":37},"end":{"line":9,"column":71}}]},"1":{"loc":{"start":{"line":46,"column":24},"end":{"line":46,"column":75}},"type":"cond-expr","locations":[{"start":{"line":46,"column":44},"end":{"line":46,"column":55}},{"start":{"line":46,"column":58},"end":{"line":46,"column":75}}]},"2":{"loc":{"start":{"line":51,"column":4},"end":{"line":62,"column":5}},"type":"if","locations":[{"start":{"line":51,"column":4},"end":{"line":62,"column":5}},{"start":{"line":53,"column":11},"end":{"line":62,"column":5}}]},"3":{"loc":{"start":{"line":53,"column":11},"end":{"line":62,"column":5}},"type":"if","locations":[{"start":{"line":53,"column":11},"end":{"line":62,"column":5}},{"start":{"line":59,"column":11},"end":{"line":62,"column":5}}]},"4":{"loc":{"start":{"line":54,"column":6},"end":{"line":57,"column":7}},"type":"if","locations":[{"start":{"line":54,"column":6},"end":{"line":57,"column":7}}]},"5":{"loc":{"start":{"line":74,"column":6},"end":{"line":95,"column":7}},"type":"if","locations":[{"start":{"line":74,"column":6},"end":{"line":95,"column":7}}]},"6":{"loc":{"start":{"line":79,"column":8},"end":{"line":81,"column":9}},"type":"if","locations":[{"start":{"line":79,"column":8},"end":{"line":81,"column":9}}]},"7":{"loc":{"start":{"line":83,"column":8},"end":{"line":91,"column":9}},"type":"if","locations":[{"start":{"line":83,"column":8},"end":{"line":91,"column":9}}]},"8":{"loc":{"start":{"line":97,"column":6},"end":{"line":99,"column":7}},"type":"if","locations":[{"start":{"line":97,"column":6},"end":{"line":99,"column":7}}]},"9":{"loc":{"start":{"line":119,"column":2},"end":{"line":124,"column":3}},"type":"if","locations":[{"start":{"line":119,"column":2},"end":{"line":124,"column":3}},{"start":{"line":122,"column":9},"end":{"line":124,"column":3}}]},"10":{"loc":{"start":{"line":121,"column":30},"end":{"line":121,"column":74}},"type":"cond-expr","locations":[{"start":{"line":121,"column":50},"end":{"line":121,"column":59}},{"start":{"line":121,"column":62},"end":{"line":121,"column":74}}]},"11":{"loc":{"start":{"line":127,"column":2},"end":{"line":131,"column":3}},"type":"if","locations":[{"start":{"line":127,"column":2},"end":{"line":131,"column":3}}]},"12":{"loc":{"start":{"line":136,"column":2},"end":{"line":140,"column":3}},"type":"if","locations":[{"start":{"line":136,"column":2},"end":{"line":140,"column":3}}]}},"s":{"0":0,"1":0,"2":0,"3":0,"4":0,"5":0,"6":0,"7":0,"8":0,"9":0,"10":0,"11":0,"12":0,"13":0,"14":0,"15":0,"16":0,"17":0,"18":0,"19":0,"20":0,"21":0,"22":0,"23":0,"24":0,"25":0,"26":0,"27":0,"28":0,"29":0,"30":0,"31":0,"32":0,"33":0,"34":0,"35":0,"36":0,"37":0,"38":0,"39":0,"40":0,"41":0,"42":0,"43":0,"44":0,"45":0,"46":0,"47":0,"48":0,"49":0,"50":0,"51":0,"52":0,"53":0,"54":0,"55":0,"56":0,"57":0,"58":0,"59":0,"60":0,"61":0,"62":0,"63":0,"64":0,"65":0,"66":0,"67":0,"68":0,"69":0,"70":0,"71":0,"72":0},"f":{"0":0,"1":0,"2":0,"3":0,"4":0,"5":0},"b":{"0":[0,0],"1":[0,0],"2":[0,0],"3":[0,0],"4":[0],"5":[0],"6":[0],"7":[0],"8":[0],"9":[0,0],"10":[0,0],"11":[0],"12":[0]}}
}
