TN:
SF:src/index.ts
FN:13,main
FN:83,printHelp
FNF:2
FNH:0
FNDA:0,main
FNDA:0,printHelp
DA:3,0
DA:4,0
DA:15,0
DA:16,0
DA:17,0
DA:18,0
DA:21,0
DA:24,0
DA:25,0
DA:26,0
DA:30,0
DA:31,0
DA:32,0
DA:33,0
DA:35,0
DA:36,0
DA:37,0
DA:39,0
DA:40,0
DA:41,0
DA:44,0
DA:47,0
DA:48,0
DA:51,0
DA:52,0
DA:55,0
DA:56,0
DA:59,0
DA:60,0
DA:62,0
DA:63,0
DA:68,0
DA:69,0
DA:70,0
DA:72,0
DA:73,0
DA:84,0
DA:103,0
LF:38
LH:0
BRDA:24,0,0,0
BRDA:24,1,0,0
BRDA:24,1,1,0
BRDA:39,2,0,0
BRDA:44,3,0,0
BRDA:44,3,1,0
BRDA:44,3,2,0
BRDA:44,3,3,0
BRDA:44,3,4,0
BRDA:44,3,5,0
BRDA:44,3,6,0
BRDA:44,3,7,0
BRDA:44,3,8,0
BRF:13
BRH:0
end_of_record
TN:
SF:src/pager.ts
FN:22,(anonymous_1)
FN:42,(anonymous_2)
FN:51,(anonymous_3)
FN:64,(anonymous_4)
FN:65,(anonymous_5)
FN:66,(anonymous_6)
FN:99,(anonymous_7)
FN:112,(anonymous_8)
FNF:8
FNH:8
FNDA:7,(anonymous_1)
FNDA:5,(anonymous_2)
FNDA:5,(anonymous_3)
FNDA:5,(anonymous_4)
FNDA:10,(anonymous_5)
FNDA:15,(anonymous_6)
FNDA:5,(anonymous_7)
FNDA:15,(anonymous_8)
DA:1,1
DA:2,1
DA:9,1
DA:28,7
DA:29,7
DA:30,7
DA:31,7
DA:34,7
DA:35,2
DA:43,5
DA:44,5
DA:45,5
DA:52,5
DA:53,5
DA:55,5
DA:56,5
DA:58,5
DA:65,5
DA:66,15
DA:75,10
DA:100,5
DA:101,10
DA:102,15
DA:113,15
DA:116,15
DA:124,15
DA:125,15
DA:126,3
DA:130,15
DA:131,15
DA:133,15
LF:31
LH:31
BRDA:34,0,0,2
BRDA:125,1,0,3
BRF:2
BRH:2
end_of_record
TN:
SF:src/upload.ts
FN:36,uploadFile
FN:37,(anonymous_11)
FN:65,(anonymous_12)
FN:115,uploadPages
FN:134,(anonymous_14)
FN:161,(anonymous_15)
FNF:6
FNH:0
FNDA:0,uploadFile
FNDA:0,(anonymous_11)
FNDA:0,(anonymous_12)
FNDA:0,uploadPages
FNDA:0,(anonymous_14)
FNDA:0,(anonymous_15)
DA:1,0
DA:2,0
DA:3,0
DA:4,0
DA:7,0
DA:37,0
DA:39,0
DA:40,0
DA:43,0
DA:46,0
DA:49,0
DA:51,0
DA:52,0
DA:53,0
DA:54,0
DA:55,0
DA:56,0
DA:58,0
DA:60,0
DA:61,0
DA:65,0
DA:67,0
DA:68,0
DA:69,0
DA:71,0
DA:74,0
DA:75,0
DA:76,0
DA:77,0
DA:79,0
DA:80,0
DA:83,0
DA:84,0
DA:85,0
DA:86,0
DA:87,0
DA:88,0
DA:89,0
DA:90,0
DA:93,0
DA:94,0
DA:97,0
DA:98,0
DA:101,0
DA:102,0
DA:116,0
DA:117,0
DA:119,0
DA:120,0
DA:121,0
DA:123,0
DA:127,0
DA:128,0
DA:129,0
DA:130,0
DA:134,0
DA:136,0
DA:137,0
DA:138,0
DA:139,0
DA:142,0
DA:145,0
DA:146,0
DA:147,0
DA:149,0
DA:150,0
DA:151,0
DA:153,0
DA:157,0
DA:161,0
DA:162,0
DA:163,0
LF:72
LH:0
BRDA:9,0,0,0
BRDA:9,0,1,0
BRDA:46,1,0,0
BRDA:46,1,1,0
BRDA:51,2,0,0
BRDA:51,2,1,0
BRDA:53,3,0,0
BRDA:53,3,1,0
BRDA:54,4,0,0
BRDA:74,5,0,0
BRDA:79,6,0,0
BRDA:83,7,0,0
BRDA:97,8,0,0
BRDA:119,9,0,0
BRDA:119,9,1,0
BRDA:121,10,0,0
BRDA:121,10,1,0
BRDA:127,11,0,0
BRDA:136,12,0,0
BRF:19
BRH:0
end_of_record
